0 info it worked if it ends with ok
1 verbose cli [ '/usr/bin/nodejs', '/usr/bin/npm', 'install', 'mutler' ]
2 info using npm@1.3.10
3 info using node@v0.10.25
4 verbose readDependencies using package.json deps
5 verbose cache add [ 'mutler', null ]
6 verbose cache add name=undefined spec="mutler" args=["mutler",null]
7 verbose parsed url { protocol: null,
7 verbose parsed url   slashes: null,
7 verbose parsed url   auth: null,
7 verbose parsed url   host: null,
7 verbose parsed url   port: null,
7 verbose parsed url   hostname: null,
7 verbose parsed url   hash: null,
7 verbose parsed url   search: null,
7 verbose parsed url   query: null,
7 verbose parsed url   pathname: 'mutler',
7 verbose parsed url   path: 'mutler',
7 verbose parsed url   href: 'mutler' }
8 silly lockFile 3cb22a8a-mutler mutler
9 verbose lock mutler /home/raakesh/.npm/3cb22a8a-mutler.lock
10 silly lockFile 3cb22a8a-mutler mutler
11 silly lockFile 3cb22a8a-mutler mutler
12 verbose addNamed [ 'mutler', '' ]
13 verbose addNamed [ null, '*' ]
14 silly lockFile 8634a69c-mutler mutler@
15 verbose lock mutler@ /home/raakesh/.npm/8634a69c-mutler.lock
16 silly addNameRange { name: 'mutler', range: '*', hasData: false }
17 verbose url raw mutler
18 verbose url resolving [ 'http://registry.npmjs.org/', './mutler' ]
19 verbose url resolved http://registry.npmjs.org/mutler
20 info trying registry request attempt 1 at 21:51:48
21 http GET http://registry.npmjs.org/mutler
22 http 404 http://registry.npmjs.org/mutler
23 silly registry.get cb [ 404,
23 silly registry.get   { server: 'CouchDB/1.5.0 (Erlang OTP/R16B03)',
23 silly registry.get     'content-type': 'application/json',
23 silly registry.get     'cache-control': 'max-age=0',
23 silly registry.get     'content-length': '52',
23 silly registry.get     'accept-ranges': 'bytes',
23 silly registry.get     date: 'Mon, 26 Jan 2015 16:22:25 GMT',
23 silly registry.get     'x-served-by': 'cache-sn89-SIN',
23 silly registry.get     'x-cache': 'MISS, MISS from uproxy, MISS from hproxy2.iitm.ac.in',
23 silly registry.get     'x-cache-hits': '0',
23 silly registry.get     'x-timer': 'S1422289344.439277,VS0,VE980',
23 silly registry.get     'x-cache-lookup': 'MISS from uproxy:3128, MISS from hproxy2.iitm.ac.in:3128',
23 silly registry.get     via: '1.1 varnish, 1.0 uproxy (squid/3.1.19), 1.0 hproxy2.iitm.ac.in (squid/3.1.18)',
23 silly registry.get     connection: 'keep-alive' } ]
24 silly lockFile 8634a69c-mutler mutler@
25 silly lockFile 8634a69c-mutler mutler@
26 error 404 'mutler' is not in the npm registry.
26 error 404 You should bug the author to publish it
26 error 404
26 error 404 Note that you can also install from a
26 error 404 tarball, folder, or http url, or git url.
27 error System Linux 3.13.0-40-generic
28 error command "/usr/bin/nodejs" "/usr/bin/npm" "install" "mutler"
29 error cwd /home/raakesh/final
30 error node -v v0.10.25
31 error npm -v 1.3.10
32 error code E404
33 verbose exit [ 1, true ]
